<?xml version="1.0" encoding="UTF-8"?>
<!-- Generated by org.testng.reporters.JUnitXMLReporter -->
<testsuite ignored="2" hostname="DESKTOP-JCJ8HOK" failures="1" tests="6" name="Modify Existing Booking Test" time="0.138" errors="0" timestamp="19 Sep 2022 03:20:02 GMT">
  <testcase classname="testcases.Booking" name="loadBooking" time="0.004"/>
  <testcase classname="testcases.Booking" name="typeOfRoom" time="0.003"/>
  <testcase classname="testcases.PaymentManager" name="applyDiscount" time="0.002"/>
  <testcase classname="testcases.PaymentManager" name="makePayment" time="0.0">
    <failure type="org.testng.TestNGException" message="
Parameter &amp;apos;action&amp;apos; is required by @Test on method makePayment but has not been marked @Optional or defined
in D:\jan2022WD\BookingHotel\testng.xml">
      <![CDATA[org.testng.TestNGException: 
Parameter 'action' is required by @Test on method makePayment but has not been marked @Optional or defined
in D:\jan2022WD\BookingHotel\testng.xml
... Removed 24 stack frames]]>
    </failure>
  </testcase> <!-- makePayment -->
  <testcase classname="testcases.CustomerCommunication" name="checkEmailVerification" time="0.006"/>
  <testcase classname="testcases.CustomerCommunication" name="checkMobileVerification" time="0.002"/>
  <testcase classname="testcases.Booking" name="cancelBooking" time="0.0">
    <ignored/>
  </testcase> <!-- cancelBooking -->
  <testcase classname="testcases.Booking" name="searchHotel" time="0.0">
    <ignored/>
  </testcase> <!-- searchHotel -->
</testsuite> <!-- Modify Existing Booking Test -->
